<?xml version="1.0" encoding="UTF-8"?>
<testng-results skipped="0" failed="0" ignored="0" total="1" passed="1">
  <reporter-output>
  </reporter-output>
  <suite name="com.qa.fullStory.tc.Test01" duration-ms="18116" started-at="2022-04-11T04:42:44Z" finished-at="2022-04-11T04:43:02Z">
    <groups>
    </groups>
    <test name="Command line test" duration-ms="18116" started-at="2022-04-11T04:42:44Z" finished-at="2022-04-11T04:43:02Z">
      <class name="com.qa.fullStory.tc.Test01">
        <test-method status="PASS" signature="setUp()[pri:0, instance:com.qa.fullStory.tc.Test01@66d2e7d9]" name="setUp" is-config="true" duration-ms="3010" started-at="2022-04-10T21:42:44Z" finished-at="2022-04-10T21:42:47Z">
          <reporter-output>
          </reporter-output>
        </test-method> <!-- setUp -->
        <test-method status="PASS" signature="fS_test1()[pri:0, instance:com.qa.fullStory.tc.Test01@66d2e7d9]" name="fS_test1" duration-ms="13993" started-at="2022-04-10T21:42:47Z" finished-at="2022-04-10T21:43:01Z">
          <reporter-output>
          </reporter-output>
        </test-method> <!-- fS_test1 -->
        <test-method status="PASS" signature="tearDown()[pri:0, instance:com.qa.fullStory.tc.Test01@66d2e7d9]" name="tearDown" is-config="true" duration-ms="1103" started-at="2022-04-10T21:43:01Z" finished-at="2022-04-10T21:43:02Z">
          <reporter-output>
          </reporter-output>
        </test-method> <!-- tearDown -->
      </class> <!-- com.qa.fullStory.tc.Test01 -->
    </test> <!-- Command line test -->
  </suite> <!-- com.qa.fullStory.tc.Test01 -->
</testng-results>
